[INFO] Scanning for projects...
[INFO] 
[INFO] ---------------------------< com.Spring:pos >---------------------------
[INFO] Building pos 0.0.1-SNAPSHOT
[INFO]   from pom.xml
[INFO] --------------------------------[ jar ]---------------------------------
[INFO] 
[INFO] >>> spring-boot:4.0.2:run (default-cli) > test-compile @ pos >>>
[INFO] 
[INFO] --- resources:3.3.1:resources (default-resources) @ pos ---
[INFO] Copying 1 resource from src\main\resources to target\classes
[INFO] Copying 0 resource from src\main\resources to target\classes
[INFO] 
[INFO] --- compiler:3.14.1:compile (default-compile) @ pos ---
[INFO] Nothing to compile - all classes are up to date.
[INFO] 
[INFO] --- resources:3.3.1:testResources (default-testResources) @ pos ---
[INFO] skip non existing resourceDirectory C:\Users\LENOVO\OneDrive\Desktop\POS Myanmar\POS-Lite-Myanamar\src\test\resources
[INFO] 
[INFO] --- compiler:3.14.1:testCompile (default-testCompile) @ pos ---
[INFO] Nothing to compile - all classes are up to date.
[INFO] 
[INFO] <<< spring-boot:4.0.2:run (default-cli) < test-compile @ pos <<<
[INFO] 
[INFO] 
[INFO] --- spring-boot:4.0.2:run (default-cli) @ pos ---
[INFO] Attaching agents: []

  .   ____          _            __ _ _
 /\\ / ___'_ __ _ _(_)_ __  __ _ \ \ \ \
( ( )\___ | '_ | '_| | '_ \/ _` | \ \ \ \
 \\/  ___)| |_)| | | | | || (_| |  ) ) ) )
  '  |____| .__|_| |_|_| |_\__, | / / / /
 =========|_|==============|___/=/_/_/_/

 :: Spring Boot ::                (v4.0.2)

2026-06-15T01:35:05.595+06:30  INFO 22100 --- [  restartedMain] com.pos.Application                      : Starting Application using Java 17.0.13 with PID 22100 (C:\Users\LENOVO\OneDrive\Desktop\POS Myanmar\POS-Lite-Myanamar\target\classes started by LENOVO in C:\Users\LENOVO\OneDrive\Desktop\POS Myanmar\POS-Lite-Myanamar)
2026-06-15T01:35:05.613+06:30  INFO 22100 --- [  restartedMain] com.pos.Application                      : No active profile set, falling back to 1 default profile: "default"
2026-06-15T01:35:05.823+06:30  INFO 22100 --- [  restartedMain] .e.DevToolsPropertyDefaultsPostProcessor : Devtools property defaults active! Set 'spring.devtools.add-properties' to 'false' to disable
2026-06-15T01:35:05.825+06:30  INFO 22100 --- [  restartedMain] .e.DevToolsPropertyDefaultsPostProcessor : For additional web related logging consider setting the 'logging.level.web' property to 'DEBUG'
2026-06-15T01:35:08.218+06:30  INFO 22100 --- [  restartedMain] .s.d.r.c.RepositoryConfigurationDelegate : Bootstrapping Spring Data JPA repositories in DEFAULT mode.
2026-06-15T01:35:08.480+06:30  INFO 22100 --- [  restartedMain] .s.d.r.c.RepositoryConfigurationDelegate : Finished Spring Data repository scanning in 233 ms. Found 7 JPA repository interfaces.
2026-06-15T01:35:10.542+06:30  INFO 22100 --- [  restartedMain] o.s.boot.tomcat.TomcatWebServer          : Tomcat initialized with port 8080 (http)
2026-06-15T01:35:10.587+06:30  INFO 22100 --- [  restartedMain] o.apache.catalina.core.StandardService   : Starting service [Tomcat]
2026-06-15T01:35:10.588+06:30  INFO 22100 --- [  restartedMain] o.apache.catalina.core.StandardEngine    : Starting Servlet engine: [Apache Tomcat/11.0.15]
2026-06-15T01:35:10.774+06:30  INFO 22100 --- [  restartedMain] b.w.c.s.WebApplicationContextInitializer : Root WebApplicationContext: initialization completed in 4944 ms
2026-06-15T01:35:11.164+06:30  INFO 22100 --- [  restartedMain] org.hibernate.orm.jpa                    : HHH008540: Processing PersistenceUnitInfo [name: default]
2026-06-15T01:35:11.355+06:30  INFO 22100 --- [  restartedMain] org.hibernate.orm.core                   : HHH000001: Hibernate ORM core version 7.2.1.Final
2026-06-15T01:35:12.920+06:30  INFO 22100 --- [  restartedMain] o.s.o.j.p.SpringPersistenceUnitInfo      : No LoadTimeWeaver setup: ignoring JPA class transformer
2026-06-15T01:35:13.012+06:30  INFO 22100 --- [  restartedMain] com.zaxxer.hikari.HikariDataSource       : HikariPool-1 - Starting...
2026-06-15T01:35:13.544+06:30  INFO 22100 --- [  restartedMain] com.zaxxer.hikari.pool.HikariPool        : HikariPool-1 - Added connection com.mysql.cj.jdbc.ConnectionImpl@37d9c7ab
2026-06-15T01:35:13.550+06:30  INFO 22100 --- [  restartedMain] com.zaxxer.hikari.HikariDataSource       : HikariPool-1 - Start completed.
2026-06-15T01:35:13.729+06:30  WARN 22100 --- [  restartedMain] org.hibernate.orm.deprecation            : HHH90000025: MySQLDialect does not need to be specified explicitly using 'hibernate.dialect' (remove the property setting and it will be selected by default)
2026-06-15T01:35:13.784+06:30  INFO 22100 --- [  restartedMain] org.hibernate.orm.connections.pooling    : HHH10001005: Database info:
	Database JDBC URL [jdbc:mysql://localhost:3306/pos_lite_myanmar?useUnicode=true&characterEncoding=utf8&useSSL=false&allowPublicKeyRetrieval=true&serverTimezone=Asia/Yangon]
	Database driver: MySQL Connector/J
	Database dialect: MySQLDialect
	Database version: 9.1
	Default catalog/schema: pos_lite_myanmar/undefined
	Autocommit mode: undefined/unknown
	Isolation level: REPEATABLE_READ [default REPEATABLE_READ]
	JDBC fetch size: none
	Pool: DataSourceConnectionProvider
	Minimum pool size: undefined/unknown
	Maximum pool size: undefined/unknown
2026-06-15T01:35:17.245+06:30  INFO 22100 --- [  restartedMain] org.hibernate.orm.core                   : HHH000489: No JTA platform available (set 'hibernate.transaction.jta.platform' to enable JTA platform integration)
Hibernate: alter table products modify column cost_price DECIMAL(19,2) DEFAULT 0 not null
2026-06-15T01:35:17.881+06:30  INFO 22100 --- [  restartedMain] j.LocalContainerEntityManagerFactoryBean : Initialized JPA EntityManagerFactory for persistence unit 'default'
2026-06-15T01:35:18.093+06:30  INFO 22100 --- [  restartedMain] o.s.d.j.r.query.QueryEnhancerFactories   : Hibernate is in classpath; If applicable, HQL parser will be used.
2026-06-15T01:35:18.640+06:30  INFO 22100 --- [  restartedMain] o.s.boot.web.servlet.RegistrationBean    : Filter jwtFilterRegistration was not registered (disabled)
2026-06-15T01:35:20.897+06:30  INFO 22100 --- [  restartedMain] r$InitializeUserDetailsManagerConfigurer : Global AuthenticationManager configured with UserDetailsService bean with name customUserDetailsService
2026-06-15T01:35:21.499+06:30  WARN 22100 --- [  restartedMain] JpaBaseConfiguration$JpaWebConfiguration : spring.jpa.open-in-view is enabled by default. Therefore, database queries may be performed during view rendering. Explicitly configure spring.jpa.open-in-view to disable this warning
2026-06-15T01:35:22.737+06:30  INFO 22100 --- [  restartedMain] o.s.boot.tomcat.TomcatWebServer          : Tomcat started on port 8080 (http) with context path '/'
2026-06-15T01:35:22.752+06:30  INFO 22100 --- [  restartedMain] com.pos.Application                      : Started Application in 19.665 seconds (process running for 21.99)
Hibernate: select u1_0.id,u1_0.active,u1_0.created_at,u1_0.email,u1_0.full_name,u1_0.password,u1_0.phone,u1_0.role,u1_0.shop_id,u1_0.username from users u1_0 where u1_0.username=?
Hibernate: select s1_0.id,s1_0.active,s1_0.address,s1_0.created_at,s1_0.name,s1_0.phone from shops s1_0 where s1_0.id=?
Hibernate: select u1_0.id,u1_0.active,u1_0.created_at,u1_0.email,u1_0.full_name,u1_0.password,u1_0.phone,u1_0.role,u1_0.shop_id,u1_0.username from users u1_0 where u1_0.username=?
Hibernate: select u1_0.id,u1_0.active,u1_0.created_at,u1_0.email,u1_0.full_name,u1_0.password,u1_0.phone,u1_0.role,u1_0.shop_id,u1_0.username from users u1_0
Hibernate: select s1_0.id,s1_0.active,s1_0.address,s1_0.created_at,s1_0.name,s1_0.phone from shops s1_0 where s1_0.id=?
Hibernate: select s1_0.id,s1_0.active,s1_0.address,s1_0.created_at,s1_0.name,s1_0.phone from shops s1_0 where s1_0.id=?
Hibernate: select u1_0.id,u1_0.active,u1_0.created_at,u1_0.email,u1_0.full_name,u1_0.password,u1_0.phone,u1_0.role,u1_0.shop_id,u1_0.username from users u1_0 where u1_0.username=?
Hibernate: select p1_0.id,p1_0.barcode,p1_0.client_reference,p1_0.cost_price,p1_0.created_at,p1_0.deleted,p1_0.description,p1_0.expiry_date,p1_0.image_url,p1_0.name,p1_0.owner_id,p1_0.price,p1_0.shop_id,p1_0.stock,p1_0.updated_at from products p1_0
2026-06-15T01:35:23.151+06:30  INFO 22100 --- [0.0-8080-exec-1] o.a.c.c.C.[Tomcat].[localhost].[/]       : Initializing Spring DispatcherServlet 'dispatcherServlet'
2026-06-15T01:35:23.153+06:30  INFO 22100 --- [0.0-8080-exec-1] o.s.web.servlet.DispatcherServlet        : Initializing Servlet 'dispatcherServlet'
2026-06-15T01:35:23.156+06:30  INFO 22100 --- [0.0-8080-exec-1] o.s.web.servlet.DispatcherServlet        : Completed initialization in 3 ms
Hibernate: select c1_0.id,c1_0.name,c1_0.owner_id,c1_0.phone,c1_0.shop_id from customers c1_0
Hibernate: select o1_0.id,o1_0.user_id,o1_0.client_reference,o1_0.created_at,o1_0.customer_id,o1_0.order_number,o1_0.payment_method,o1_0.shop_id,o1_0.status,o1_0.subtotal,o1_0.tax,o1_0.total_amount,o1_0.total_profit from orders o1_0
Hibernate: select i1_0.order_id,i1_0.id,p1_0.id,p1_0.barcode,p1_0.client_reference,p1_0.cost_price,p1_0.created_at,p1_0.deleted,p1_0.description,p1_0.expiry_date,p1_0.image_url,p1_0.name,o2_0.id,o2_0.active,o2_0.created_at,o2_0.email,o2_0.full_name,o2_0.password,o2_0.phone,o2_0.role,o2_0.shop_id,o2_0.username,p1_0.price,s2_0.id,s2_0.active,s2_0.address,s2_0.created_at,s2_0.name,s2_0.phone,p1_0.stock,p1_0.updated_at,i1_0.profit,i1_0.quantity,i1_0.total_price,i1_0.unit_cost,i1_0.unit_price from order_items i1_0 left join products p1_0 on p1_0.id=i1_0.product_id left join users o2_0 on o2_0.id=p1_0.owner_id left join shops s2_0 on s2_0.id=p1_0.shop_id where i1_0.order_id=?
Hibernate: select i1_0.order_id,i1_0.id,p1_0.id,p1_0.barcode,p1_0.client_reference,p1_0.cost_price,p1_0.created_at,p1_0.deleted,p1_0.description,p1_0.expiry_date,p1_0.image_url,p1_0.name,o2_0.id,o2_0.active,o2_0.created_at,o2_0.email,o2_0.full_name,o2_0.password,o2_0.phone,o2_0.role,o2_0.shop_id,o2_0.username,p1_0.price,s2_0.id,s2_0.active,s2_0.address,s2_0.created_at,s2_0.name,s2_0.phone,p1_0.stock,p1_0.updated_at,i1_0.profit,i1_0.quantity,i1_0.total_price,i1_0.unit_cost,i1_0.unit_price from order_items i1_0 left join products p1_0 on p1_0.id=i1_0.product_id left join users o2_0 on o2_0.id=p1_0.owner_id left join shops s2_0 on s2_0.id=p1_0.shop_id where i1_0.order_id=?
Hibernate: select i1_0.order_id,i1_0.id,p1_0.id,p1_0.barcode,p1_0.client_reference,p1_0.cost_price,p1_0.created_at,p1_0.deleted,p1_0.description,p1_0.expiry_date,p1_0.image_url,p1_0.name,o2_0.id,o2_0.active,o2_0.created_at,o2_0.email,o2_0.full_name,o2_0.password,o2_0.phone,o2_0.role,o2_0.shop_id,o2_0.username,p1_0.price,s2_0.id,s2_0.active,s2_0.address,s2_0.created_at,s2_0.name,s2_0.phone,p1_0.stock,p1_0.updated_at,i1_0.profit,i1_0.quantity,i1_0.total_price,i1_0.unit_cost,i1_0.unit_price from order_items i1_0 left join products p1_0 on p1_0.id=i1_0.product_id left join users o2_0 on o2_0.id=p1_0.owner_id left join shops s2_0 on s2_0.id=p1_0.shop_id where i1_0.order_id=?
Hibernate: select i1_0.order_id,i1_0.id,p1_0.id,p1_0.barcode,p1_0.client_reference,p1_0.cost_price,p1_0.created_at,p1_0.deleted,p1_0.description,p1_0.expiry_date,p1_0.image_url,p1_0.name,o2_0.id,o2_0.active,o2_0.created_at,o2_0.email,o2_0.full_name,o2_0.password,o2_0.phone,o2_0.role,o2_0.shop_id,o2_0.username,p1_0.price,s2_0.id,s2_0.active,s2_0.address,s2_0.created_at,s2_0.name,s2_0.phone,p1_0.stock,p1_0.updated_at,i1_0.profit,i1_0.quantity,i1_0.total_price,i1_0.unit_cost,i1_0.unit_price from order_items i1_0 left join products p1_0 on p1_0.id=i1_0.product_id left join users o2_0 on o2_0.id=p1_0.owner_id left join shops s2_0 on s2_0.id=p1_0.shop_id where i1_0.order_id=?
Hibernate: select i1_0.order_id,i1_0.id,p1_0.id,p1_0.barcode,p1_0.client_reference,p1_0.cost_price,p1_0.created_at,p1_0.deleted,p1_0.description,p1_0.expiry_date,p1_0.image_url,p1_0.name,o2_0.id,o2_0.active,o2_0.created_at,o2_0.email,o2_0.full_name,o2_0.password,o2_0.phone,o2_0.role,o2_0.shop_id,o2_0.username,p1_0.price,s2_0.id,s2_0.active,s2_0.address,s2_0.created_at,s2_0.name,s2_0.phone,p1_0.stock,p1_0.updated_at,i1_0.profit,i1_0.quantity,i1_0.total_price,i1_0.unit_cost,i1_0.unit_price from order_items i1_0 left join products p1_0 on p1_0.id=i1_0.product_id left join users o2_0 on o2_0.id=p1_0.owner_id left join shops s2_0 on s2_0.id=p1_0.shop_id where i1_0.order_id=?
Hibernate: select i1_0.order_id,i1_0.id,p1_0.id,p1_0.barcode,p1_0.client_reference,p1_0.cost_price,p1_0.created_at,p1_0.deleted,p1_0.description,p1_0.expiry_date,p1_0.image_url,p1_0.name,o2_0.id,o2_0.active,o2_0.created_at,o2_0.email,o2_0.full_name,o2_0.password,o2_0.phone,o2_0.role,o2_0.shop_id,o2_0.username,p1_0.price,s2_0.id,s2_0.active,s2_0.address,s2_0.created_at,s2_0.name,s2_0.phone,p1_0.stock,p1_0.updated_at,i1_0.profit,i1_0.quantity,i1_0.total_price,i1_0.unit_cost,i1_0.unit_price from order_items i1_0 left join products p1_0 on p1_0.id=i1_0.product_id left join users o2_0 on o2_0.id=p1_0.owner_id left join shops s2_0 on s2_0.id=p1_0.shop_id where i1_0.order_id=?
Hibernate: select i1_0.order_id,i1_0.id,p1_0.id,p1_0.barcode,p1_0.client_reference,p1_0.cost_price,p1_0.created_at,p1_0.deleted,p1_0.description,p1_0.expiry_date,p1_0.image_url,p1_0.name,o2_0.id,o2_0.active,o2_0.created_at,o2_0.email,o2_0.full_name,o2_0.password,o2_0.phone,o2_0.role,o2_0.shop_id,o2_0.username,p1_0.price,s2_0.id,s2_0.active,s2_0.address,s2_0.created_at,s2_0.name,s2_0.phone,p1_0.stock,p1_0.updated_at,i1_0.profit,i1_0.quantity,i1_0.total_price,i1_0.unit_cost,i1_0.unit_price from order_items i1_0 left join products p1_0 on p1_0.id=i1_0.product_id left join users o2_0 on o2_0.id=p1_0.owner_id left join shops s2_0 on s2_0.id=p1_0.shop_id where i1_0.order_id=?
Hibernate: select i1_0.order_id,i1_0.id,p1_0.id,p1_0.barcode,p1_0.client_reference,p1_0.cost_price,p1_0.created_at,p1_0.deleted,p1_0.description,p1_0.expiry_date,p1_0.image_url,p1_0.name,o2_0.id,o2_0.active,o2_0.created_at,o2_0.email,o2_0.full_name,o2_0.password,o2_0.phone,o2_0.role,o2_0.shop_id,o2_0.username,p1_0.price,s2_0.id,s2_0.active,s2_0.address,s2_0.created_at,s2_0.name,s2_0.phone,p1_0.stock,p1_0.updated_at,i1_0.profit,i1_0.quantity,i1_0.total_price,i1_0.unit_cost,i1_0.unit_price from order_items i1_0 left join products p1_0 on p1_0.id=i1_0.product_id left join users o2_0 on o2_0.id=p1_0.owner_id left join shops s2_0 on s2_0.id=p1_0.shop_id where i1_0.order_id=?
Hibernate: select i1_0.order_id,i1_0.id,p1_0.id,p1_0.barcode,p1_0.client_reference,p1_0.cost_price,p1_0.created_at,p1_0.deleted,p1_0.description,p1_0.expiry_date,p1_0.image_url,p1_0.name,o2_0.id,o2_0.active,o2_0.created_at,o2_0.email,o2_0.full_name,o2_0.password,o2_0.phone,o2_0.role,o2_0.shop_id,o2_0.username,p1_0.price,s2_0.id,s2_0.active,s2_0.address,s2_0.created_at,s2_0.name,s2_0.phone,p1_0.stock,p1_0.updated_at,i1_0.profit,i1_0.quantity,i1_0.total_price,i1_0.unit_cost,i1_0.unit_price from order_items i1_0 left join products p1_0 on p1_0.id=i1_0.product_id left join users o2_0 on o2_0.id=p1_0.owner_id left join shops s2_0 on s2_0.id=p1_0.shop_id where i1_0.order_id=?
Hibernate: select count(*) from products p1_0
You backend is running successfully!
Hibernate: select u1_0.id,u1_0.active,u1_0.created_at,u1_0.email,u1_0.full_name,u1_0.password,u1_0.phone,u1_0.role,u1_0.shop_id,u1_0.username from users u1_0 where u1_0.username=?
Hibernate: select s1_0.id,s1_0.active,s1_0.address,s1_0.created_at,s1_0.name,s1_0.phone from shops s1_0 where s1_0.id=?
Hibernate: select u1_0.id,u1_0.active,u1_0.created_at,u1_0.email,u1_0.full_name,u1_0.password,u1_0.phone,u1_0.role,u1_0.shop_id,u1_0.username from users u1_0 where u1_0.username=?
Hibernate: select u1_0.id,u1_0.active,u1_0.created_at,u1_0.email,u1_0.full_name,u1_0.password,u1_0.phone,u1_0.role,u1_0.shop_id,u1_0.username from users u1_0 where u1_0.username=?
Hibernate: select u1_0.id,u1_0.active,u1_0.created_at,u1_0.email,u1_0.full_name,u1_0.password,u1_0.phone,u1_0.role,u1_0.shop_id,u1_0.username from users u1_0 where u1_0.username=?
Hibernate: select s1_0.id,s1_0.active,s1_0.address,s1_0.created_at,s1_0.name,s1_0.phone from shops s1_0 where s1_0.id=?
Hibernate: select u1_0.id,u1_0.active,u1_0.created_at,u1_0.email,u1_0.full_name,u1_0.password,u1_0.phone,u1_0.role,u1_0.shop_id,u1_0.username from users u1_0 where u1_0.username=?
Hibernate: select s1_0.id,s1_0.active,s1_0.address,s1_0.created_at,s1_0.name,s1_0.phone from shops s1_0 where s1_0.id=?
Hibernate: select u1_0.id,u1_0.active,u1_0.created_at,u1_0.email,u1_0.full_name,u1_0.password,u1_0.phone,u1_0.role,u1_0.shop_id,u1_0.username from users u1_0 where u1_0.shop_id=? order by u1_0.created_at
Hibernate: select u1_0.id,u1_0.active,u1_0.created_at,u1_0.email,u1_0.full_name,u1_0.password,u1_0.phone,u1_0.role,u1_0.shop_id,u1_0.username from users u1_0 where u1_0.username=?
Hibernate: select s1_0.id,s1_0.active,s1_0.address,s1_0.created_at,s1_0.name,s1_0.phone from shops s1_0 where s1_0.id=?
Hibernate: select u1_0.id,u1_0.active,u1_0.created_at,u1_0.email,u1_0.full_name,u1_0.password,u1_0.phone,u1_0.role,u1_0.shop_id,u1_0.username from users u1_0 where u1_0.username=?
Hibernate: select u1_0.id,u1_0.active,u1_0.created_at,u1_0.email,u1_0.full_name,u1_0.password,u1_0.phone,u1_0.role,u1_0.shop_id,u1_0.username from users u1_0 where u1_0.username=?
Hibernate: select u1_0.id,u1_0.active,u1_0.created_at,u1_0.email,u1_0.full_name,u1_0.password,u1_0.phone,u1_0.role,u1_0.shop_id,u1_0.username from users u1_0 where u1_0.username=?
Hibernate: select s1_0.id,s1_0.active,s1_0.address,s1_0.created_at,s1_0.name,s1_0.phone from shops s1_0 where s1_0.id=?
Hibernate: select u1_0.id,u1_0.active,u1_0.created_at,u1_0.email,u1_0.full_name,u1_0.password,u1_0.phone,u1_0.role,u1_0.shop_id,u1_0.username from users u1_0 where u1_0.username=?
Hibernate: select s1_0.id,s1_0.active,s1_0.address,s1_0.created_at,s1_0.name,s1_0.phone from shops s1_0 where s1_0.id=?
Hibernate: select p1_0.id,p1_0.barcode,p1_0.client_reference,p1_0.cost_price,p1_0.created_at,p1_0.deleted,p1_0.description,p1_0.expiry_date,p1_0.image_url,p1_0.name,p1_0.owner_id,p1_0.price,p1_0.shop_id,p1_0.stock,p1_0.updated_at from products p1_0 where p1_0.shop_id=? and p1_0.deleted=false
Hibernate: select u1_0.id,u1_0.active,u1_0.created_at,u1_0.email,u1_0.full_name,u1_0.password,u1_0.phone,u1_0.role,u1_0.shop_id,u1_0.username from users u1_0 where u1_0.username=?
Hibernate: select s1_0.id,s1_0.active,s1_0.address,s1_0.created_at,s1_0.name,s1_0.phone from shops s1_0 where s1_0.id=?
Hibernate: select u1_0.id,u1_0.active,u1_0.created_at,u1_0.email,u1_0.full_name,u1_0.password,u1_0.phone,u1_0.role,u1_0.shop_id,u1_0.username from users u1_0 where u1_0.username=?
Hibernate: select s1_0.id,s1_0.active,s1_0.address,s1_0.created_at,s1_0.name,s1_0.phone from shops s1_0 where s1_0.id=?
Hibernate: select o1_0.id,o1_0.user_id,o1_0.client_reference,o1_0.created_at,o1_0.customer_id,o1_0.order_number,o1_0.payment_method,o1_0.shop_id,o1_0.status,o1_0.subtotal,o1_0.tax,o1_0.total_amount,o1_0.total_profit from orders o1_0 where o1_0.shop_id=?
2026-06-15T01:41:21.817+06:30  INFO 22100 --- [   File Watcher] rtingClassPathChangeChangedEventListener : Restarting due to 50 class path changes (0 additions, 50 deletions, 0 modifications)
2026-06-15T01:41:22.485+06:30  INFO 22100 --- [       Thread-1] o.s.boot.tomcat.GracefulShutdown         : Commencing graceful shutdown. Waiting for active requests to complete
2026-06-15T01:41:23.137+06:30  INFO 22100 --- [tomcat-shutdown] o.s.boot.tomcat.GracefulShutdown         : Graceful shutdown complete
2026-06-15T01:41:23.321+06:30  INFO 22100 --- [       Thread-1] j.LocalContainerEntityManagerFactoryBean : Closing JPA EntityManagerFactory for persistence unit 'default'
2026-06-15T01:41:23.686+06:30  INFO 22100 --- [       Thread-1] com.zaxxer.hikari.HikariDataSource       : HikariPool-1 - Shutdown initiated...
2026-06-15T01:41:24.244+06:30  INFO 22100 --- [       Thread-1] com.zaxxer.hikari.HikariDataSource       : HikariPool-1 - Shutdown completed.

  .   ____          _            __ _ _
 /\\ / ___'_ __ _ _(_)_ __  __ _ \ \ \ \
( ( )\___ | '_ | '_| | '_ \/ _` | \ \ \ \
 \\/  ___)| |_)| | | | | || (_| |  ) ) ) )
  '  |____| .__|_| |_|_| |_\__, | / / / /
 =========|_|==============|___/=/_/_/_/

 :: Spring Boot ::                (v4.0.2)

2026-06-15T01:41:25.225+06:30  INFO 22100 --- [  restartedMain] com.pos.Application                      : Starting Application using Java 17.0.13 with PID 22100 (C:\Users\LENOVO\OneDrive\Desktop\POS Myanmar\POS-Lite-Myanamar\target\classes started by LENOVO in C:\Users\LENOVO\OneDrive\Desktop\POS Myanmar\POS-Lite-Myanamar)
2026-06-15T01:41:25.226+06:30  INFO 22100 --- [  restartedMain] com.pos.Application                      : No active profile set, falling back to 1 default profile: "default"
2026-06-15T01:41:25.791+06:30  INFO 22100 --- [  restartedMain] .s.d.r.c.RepositoryConfigurationDelegate : Bootstrapping Spring Data JPA repositories in DEFAULT mode.
2026-06-15T01:41:25.800+06:30  INFO 22100 --- [  restartedMain] .s.d.r.c.RepositoryConfigurationDelegate : Finished Spring Data repository scanning in 2 ms. Found 0 JPA repository interfaces.
2026-06-15T01:41:26.139+06:30  INFO 22100 --- [  restartedMain] o.s.boot.tomcat.TomcatWebServer          : Tomcat initialized with port 8080 (http)
2026-06-15T01:41:26.141+06:30  INFO 22100 --- [  restartedMain] o.apache.catalina.core.StandardService   : Starting service [Tomcat]
2026-06-15T01:41:26.142+06:30  INFO 22100 --- [  restartedMain] o.apache.catalina.core.StandardEngine    : Starting Servlet engine: [Apache Tomcat/11.0.15]
2026-06-15T01:41:26.229+06:30  INFO 22100 --- [  restartedMain] b.w.c.s.WebApplicationContextInitializer : Root WebApplicationContext: initialization completed in 994 ms
2026-06-15T01:41:26.302+06:30  WARN 22100 --- [  restartedMain] ConfigServletWebServerApplicationContext : Exception encountered during context initialization - cancelling refresh attempt: org.springframework.beans.factory.BeanCreationException: Error creating bean with name 'entityManagerFactory' defined in class path resource [org/springframework/boot/hibernate/autoconfigure/HibernateJpaConfiguration.class]: Failed to initialize dependency 'inMemoryDatabaseShutdownExecutor' of LoadTimeWeaverAware bean 'entityManagerFactory': Error creating bean with name 'inMemoryDatabaseShutdownExecutor' defined in class path resource [org/springframework/boot/devtools/autoconfigure/DevToolsDataSourceAutoConfiguration.class]: Unsatisfied dependency expressed through method 'inMemoryDatabaseShutdownExecutor' parameter 0: Error creating bean with name 'dataSource' defined in class path resource [org/springframework/boot/jdbc/autoconfigure/DataSourceConfiguration$Hikari.class]: Failed to instantiate [com.zaxxer.hikari.HikariDataSource]: Factory method 'dataSource' threw exception with message: Failed to determine a suitable driver class
2026-06-15T01:41:26.304+06:30  INFO 22100 --- [  restartedMain] o.apache.catalina.core.StandardService   : Stopping service [Tomcat]
2026-06-15T01:41:26.317+06:30  INFO 22100 --- [  restartedMain] .s.b.a.l.ConditionEvaluationReportLogger : 

Error starting ApplicationContext. To display the condition evaluation report re-run your application with 'debug' enabled.
2026-06-15T01:41:26.378+06:30 ERROR 22100 --- [  restartedMain] o.s.b.d.LoggingFailureAnalysisReporter   : 

***************************
APPLICATION FAILED TO START
***************************

Description:

Failed to configure a DataSource: 'url' attribute is not specified and no embedded datasource could be configured.

Reason: Failed to determine a suitable driver class


Action:

Consider the following:
	If you want an embedded database (H2, HSQL or Derby), please put it on the classpath.
	If you have database settings to be loaded from a particular profile you may need to activate it (no profiles are currently active).


  .   ____          _            __ _ _
 /\\ / ___'_ __ _ _(_)_ __  __ _ \ \ \ \
( ( )\___ | '_ | '_| | '_ \/ _` | \ \ \ \
 \\/  ___)| |_)| | | | | || (_| |  ) ) ) )
  '  |____| .__|_| |_|_| |_\__, | / / / /
 =========|_|==============|___/=/_/_/_/

 :: Spring Boot ::                (v4.0.2)

2026-06-15T01:41:30.689+06:30  INFO 22100 --- [  restartedMain] com.pos.Application                      : Starting Application using Java 17.0.13 with PID 22100 (C:\Users\LENOVO\OneDrive\Desktop\POS Myanmar\POS-Lite-Myanamar\target\classes started by LENOVO in C:\Users\LENOVO\OneDrive\Desktop\POS Myanmar\POS-Lite-Myanamar)
2026-06-15T01:41:30.690+06:30  INFO 22100 --- [  restartedMain] com.pos.Application                      : No active profile set, falling back to 1 default profile: "default"
2026-06-15T01:41:31.274+06:30  INFO 22100 --- [  restartedMain] .s.d.r.c.RepositoryConfigurationDelegate : Bootstrapping Spring Data JPA repositories in DEFAULT mode.
2026-06-15T01:41:31.334+06:30  INFO 22100 --- [  restartedMain] .s.d.r.c.RepositoryConfigurationDelegate : Finished Spring Data repository scanning in 56 ms. Found 7 JPA repository interfaces.
2026-06-15T01:41:31.532+06:30  INFO 22100 --- [  restartedMain] o.s.boot.tomcat.TomcatWebServer          : Tomcat initialized with port 8080 (http)
2026-06-15T01:41:31.535+06:30  INFO 22100 --- [  restartedMain] o.apache.catalina.core.StandardService   : Starting service [Tomcat]
2026-06-15T01:41:31.536+06:30  INFO 22100 --- [  restartedMain] o.apache.catalina.core.StandardEngine    : Starting Servlet engine: [Apache Tomcat/11.0.15]
2026-06-15T01:41:31.601+06:30  INFO 22100 --- [  restartedMain] b.w.c.s.WebApplicationContextInitializer : Root WebApplicationContext: initialization completed in 907 ms
2026-06-15T01:41:31.611+06:30 ERROR 22100 --- [  restartedMain] t.s.DeferredServletContainerInitializers : Error starting Tomcat context. Exception: org.springframework.beans.factory.UnsatisfiedDependencyException. Message: Error creating bean with name 'securityConfig' defined in file [C:\Users\LENOVO\OneDrive\Desktop\POS Myanmar\POS-Lite-Myanamar\target\classes\com\pos\config\SecurityConfig.class]: Unsatisfied dependency expressed through constructor parameter 0: Error creating bean with name 'jwtFilter' defined in file [C:\Users\LENOVO\OneDrive\Desktop\POS Myanmar\POS-Lite-Myanamar\target\classes\com\pos\filter\JwtFilter.class]: Unsatisfied dependency expressed through constructor parameter 0: Error creating bean with name 'jwtUtil': Injection of autowired dependencies failed
2026-06-15T01:41:31.614+06:30  INFO 22100 --- [  restartedMain] o.apache.catalina.core.StandardService   : Stopping service [Tomcat]
2026-06-15T01:41:31.617+06:30  WARN 22100 --- [  restartedMain] ConfigServletWebServerApplicationContext : Exception encountered during context initialization - cancelling refresh attempt: org.springframework.context.ApplicationContextException: Unable to start web server
2026-06-15T01:41:31.621+06:30  INFO 22100 --- [  restartedMain] .s.b.a.l.ConditionEvaluationReportLogger : 

Error starting ApplicationContext. To display the condition evaluation report re-run your application with 'debug' enabled.
2026-06-15T01:41:31.629+06:30 ERROR 22100 --- [  restartedMain] o.s.boot.SpringApplication               : Application run failed

org.springframework.context.ApplicationContextException: Unable to start web server
	at org.springframework.boot.web.server.servlet.context.ServletWebServerApplicationContext.onRefresh(ServletWebServerApplicationContext.java:167) ~[spring-boot-web-server-4.0.2.jar:4.0.2]
	at org.springframework.context.support.AbstractApplicationContext.refresh(AbstractApplicationContext.java:614) ~[spring-context-7.0.3.jar:7.0.3]
	at org.springframework.boot.web.server.servlet.context.ServletWebServerApplicationContext.refresh(ServletWebServerApplicationContext.java:143) ~[spring-boot-web-server-4.0.2.jar:4.0.2]
	at org.springframework.boot.SpringApplication.refresh(SpringApplication.java:756) ~[spring-boot-4.0.2.jar:4.0.2]
	at org.springframework.boot.SpringApplication.refreshContext(SpringApplication.java:445) ~[spring-boot-4.0.2.jar:4.0.2]
	at org.springframework.boot.SpringApplication.run(SpringApplication.java:321) ~[spring-boot-4.0.2.jar:4.0.2]
	at org.springframework.boot.SpringApplication.run(SpringApplication.java:1365) ~[spring-boot-4.0.2.jar:4.0.2]
	at org.springframework.boot.SpringApplication.run(SpringApplication.java:1354) ~[spring-boot-4.0.2.jar:4.0.2]
	at com.pos.Application.main(Application.java:10) ~[classes/:na]
	at java.base/jdk.internal.reflect.NativeMethodAccessorImpl.invoke0(Native Method) ~[na:na]
	at java.base/jdk.internal.reflect.NativeMethodAccessorImpl.invoke(NativeMethodAccessorImpl.java:77) ~[na:na]
	at java.base/jdk.internal.reflect.DelegatingMethodAccessorImpl.invoke(DelegatingMethodAccessorImpl.java:43) ~[na:na]
	at java.base/java.lang.reflect.Method.invoke(Method.java:568) ~[na:na]
	at org.springframework.boot.devtools.restart.RestartLauncher.run(RestartLauncher.java:52) ~[spring-boot-devtools-4.0.2.jar:4.0.2]
Caused by: org.springframework.boot.web.server.WebServerException: Unable to start embedded Tomcat
	at org.springframework.boot.tomcat.TomcatWebServer.initialize(TomcatWebServer.java:150) ~[spring-boot-tomcat-4.0.2.jar:4.0.2]
	at org.springframework.boot.tomcat.TomcatWebServer.<init>(TomcatWebServer.java:110) ~[spring-boot-tomcat-4.0.2.jar:4.0.2]
	at org.springframework.boot.tomcat.servlet.TomcatServletWebServerFactory.getTomcatWebServer(TomcatServletWebServerFactory.java:408) ~[spring-boot-tomcat-4.0.2.jar:4.0.2]
	at org.springframework.boot.tomcat.servlet.TomcatServletWebServerFactory.getWebServer(TomcatServletWebServerFactory.java:166) ~[spring-boot-tomcat-4.0.2.jar:4.0.2]
	at org.springframework.boot.web.server.servlet.context.ServletWebServerApplicationContext.createWebServer(ServletWebServerApplicationContext.java:190) ~[spring-boot-web-server-4.0.2.jar:4.0.2]
	at org.springframework.boot.web.server.servlet.context.ServletWebServerApplicationContext.onRefresh(ServletWebServerApplicationContext.java:164) ~[spring-boot-web-server-4.0.2.jar:4.0.2]
	... 13 common frames omitted
Caused by: org.springframework.beans.factory.UnsatisfiedDependencyException: Error creating bean with name 'securityConfig' defined in file [C:\Users\LENOVO\OneDrive\Desktop\POS Myanmar\POS-Lite-Myanamar\target\classes\com\pos\config\SecurityConfig.class]: Unsatisfied dependency expressed through constructor parameter 0: Error creating bean with name 'jwtFilter' defined in file [C:\Users\LENOVO\OneDrive\Desktop\POS Myanmar\POS-Lite-Myanamar\target\classes\com\pos\filter\JwtFilter.class]: Unsatisfied dependency expressed through constructor parameter 0: Error creating bean with name 'jwtUtil': Injection of autowired dependencies failed
	at org.springframework.beans.factory.support.ConstructorResolver.createArgumentArray(ConstructorResolver.java:804) ~[spring-beans-7.0.3.jar:7.0.3]
	at org.springframework.beans.factory.support.ConstructorResolver.autowireConstructor(ConstructorResolver.java:240) ~[spring-beans-7.0.3.jar:7.0.3]
	at org.springframework.beans.factory.support.AbstractAutowireCapableBeanFactory.autowireConstructor(AbstractAutowireCapableBeanFactory.java:1382) ~[spring-beans-7.0.3.jar:7.0.3]
	at org.springframework.beans.factory.support.AbstractAutowireCapableBeanFactory.createBeanInstance(AbstractAutowireCapableBeanFactory.java:1221) ~[spring-beans-7.0.3.jar:7.0.3]
	at org.springframework.beans.factory.support.AbstractAutowireCapableBeanFactory.doCreateBean(AbstractAutowireCapableBeanFactory.java:565) ~[spring-beans-7.0.3.jar:7.0.3]
	at org.springframework.beans.factory.support.AbstractAutowireCapableBeanFactory.createBean(AbstractAutowireCapableBeanFactory.java:525) ~[spring-beans-7.0.3.jar:7.0.3]
	at org.springframework.beans.factory.support.AbstractBeanFactory.lambda$doGetBean$0(AbstractBeanFactory.java:333) ~[spring-beans-7.0.3.jar:7.0.3]
	at org.springframework.beans.factory.support.DefaultSingletonBeanRegistry.getSingleton(DefaultSingletonBeanRegistry.java:371) ~[spring-beans-7.0.3.jar:7.0.3]
	at org.springframework.beans.factory.support.AbstractBeanFactory.doGetBean(AbstractBeanFactory.java:331) ~[spring-beans-7.0.3.jar:7.0.3]
	at org.springframework.beans.factory.support.AbstractBeanFactory.getBean(AbstractBeanFactory.java:196) ~[spring-beans-7.0.3.jar:7.0.3]
	at org.springframework.beans.factory.support.ConstructorResolver.instantiateUsingFactoryMethod(ConstructorResolver.java:413) ~[spring-beans-7.0.3.jar:7.0.3]
	at org.springframework.beans.factory.support.AbstractAutowireCapableBeanFactory.instantiateUsingFactoryMethod(AbstractAutowireCapableBeanFactory.java:1362) ~[spring-beans-7.0.3.jar:7.0.3]
	at org.springframework.beans.factory.support.AbstractAutowireCapableBeanFactory.createBeanInstance(AbstractAutowireCapableBeanFactory.java:1194) ~[spring-beans-7.0.3.jar:7.0.3]
	at org.springframework.beans.factory.support.AbstractAutowireCapableBeanFactory.doCreateBean(AbstractAutowireCapableBeanFactory.java:565) ~[spring-beans-7.0.3.jar:7.0.3]
	at org.springframework.beans.factory.support.AbstractAutowireCapableBeanFactory.createBean(AbstractAutowireCapableBeanFactory.java:525) ~[spring-beans-7.0.3.jar:7.0.3]
	at org.springframework.beans.factory.support.AbstractBeanFactory.lambda$doGetBean$0(AbstractBeanFactory.java:333) ~[spring-beans-7.0.3.jar:7.0.3]
	at org.springframework.beans.factory.support.DefaultSingletonBeanRegistry.getSingleton(DefaultSingletonBeanRegistry.java:371) ~[spring-beans-7.0.3.jar:7.0.3]
	at org.springframework.beans.factory.support.AbstractBeanFactory.doGetBean(AbstractBeanFactory.java:331) ~[spring-beans-7.0.3.jar:7.0.3]
	at org.springframework.beans.factory.support.AbstractBeanFactory.getBean(AbstractBeanFactory.java:201) ~[spring-beans-7.0.3.jar:7.0.3]
	at org.springframework.boot.web.servlet.ServletContextInitializerBeans.getOrderedBeansOfType(ServletContextInitializerBeans.java:231) ~[spring-boot-4.0.2.jar:4.0.2]
	at org.springframework.boot.web.servlet.ServletContextInitializerBeans.getOrderedBeansOfType(ServletContextInitializerBeans.java:222) ~[spring-boot-4.0.2.jar:4.0.2]
	at org.springframework.boot.web.servlet.ServletContextInitializerBeans.addServletContextInitializerBeans(ServletContextInitializerBeans.java:107) ~[spring-boot-4.0.2.jar:4.0.2]
	at org.springframework.boot.web.servlet.ServletContextInitializerBeans.<init>(ServletContextInitializerBeans.java:96) ~[spring-boot-4.0.2.jar:4.0.2]
	at org.springframework.boot.web.context.servlet.WebApplicationContextInitializer.initialize(WebApplicationContextInitializer.java:53) ~[spring-boot-4.0.2.jar:4.0.2]
	at org.springframework.boot.tomcat.servlet.DeferredServletContainerInitializers.onStartup(DeferredServletContainerInitializers.java:55) ~[spring-boot-tomcat-4.0.2.jar:4.0.2]
	at org.apache.catalina.core.StandardContext.startInternal(StandardContext.java:4416) ~[tomcat-embed-core-11.0.15.jar:11.0.15]
	at org.apache.catalina.util.LifecycleBase.start(LifecycleBase.java:164) ~[tomcat-embed-core-11.0.15.jar:11.0.15]
	at org.apache.catalina.core.ContainerBase$StartChild.call(ContainerBase.java:1162) ~[tomcat-embed-core-11.0.15.jar:11.0.15]
	at org.apache.catalina.core.ContainerBase$StartChild.call(ContainerBase.java:1158) ~[tomcat-embed-core-11.0.15.jar:11.0.15]
	at java.base/java.util.concurrent.FutureTask.run(FutureTask.java:264) ~[na:na]
	at org.apache.tomcat.util.threads.InlineExecutorService.execute(InlineExecutorService.java:81) ~[tomcat-embed-core-11.0.15.jar:11.0.15]
	at java.base/java.util.concurrent.AbstractExecutorService.submit(AbstractExecutorService.java:145) ~[na:na]
	at org.apache.catalina.core.ContainerBase.startInternal(ContainerBase.java:714) ~[tomcat-embed-core-11.0.15.jar:11.0.15]
	at org.apache.catalina.core.StandardHost.startInternal(StandardHost.java:780) ~[tomcat-embed-core-11.0.15.jar:11.0.15]
	at org.apache.catalina.util.LifecycleBase.start(LifecycleBase.java:164) ~[tomcat-embed-core-11.0.15.jar:11.0.15]
	at org.apache.catalina.core.ContainerBase$StartChild.call(ContainerBase.java:1162) ~[tomcat-embed-core-11.0.15.jar:11.0.15]
	at org.apache.catalina.core.ContainerBase$StartChild.call(ContainerBase.java:1158) ~[tomcat-embed-core-11.0.15.jar:11.0.15]
	at java.base/java.util.concurrent.FutureTask.run(FutureTask.java:264) ~[na:na]
	at org.apache.tomcat.util.threads.InlineExecutorService.execute(InlineExecutorService.java:81) ~[tomcat-embed-core-11.0.15.jar:11.0.15]
	at java.base/java.util.concurrent.AbstractExecutorService.submit(AbstractExecutorService.java:145) ~[na:na]
	at org.apache.catalina.core.ContainerBase.startInternal(ContainerBase.java:714) ~[tomcat-embed-core-11.0.15.jar:11.0.15]
	at org.apache.catalina.core.StandardEngine.startInternal(StandardEngine.java:201) ~[tomcat-embed-core-11.0.15.jar:11.0.15]
	at org.apache.catalina.util.LifecycleBase.start(LifecycleBase.java:164) ~[tomcat-embed-core-11.0.15.jar:11.0.15]
	at org.apache.catalina.core.StandardService.startInternal(StandardService.java:410) ~[tomcat-embed-core-11.0.15.jar:11.0.15]
	at org.apache.catalina.util.LifecycleBase.start(LifecycleBase.java:164) ~[tomcat-embed-core-11.0.15.jar:11.0.15]
	at org.apache.catalina.core.StandardServer.startInternal(StandardServer.java:864) ~[tomcat-embed-core-11.0.15.jar:11.0.15]
	at org.apache.catalina.util.LifecycleBase.start(LifecycleBase.java:164) ~[tomcat-embed-core-11.0.15.jar:11.0.15]
	at org.apache.catalina.startup.Tomcat.start(Tomcat.java:435) ~[tomcat-embed-core-11.0.15.jar:11.0.15]
	at org.springframework.boot.tomcat.TomcatWebServer.initialize(TomcatWebServer.java:131) ~[spring-boot-tomcat-4.0.2.jar:4.0.2]
	... 18 common frames omitted
Caused by: org.springframework.beans.factory.UnsatisfiedDependencyException: Error creating bean with name 'jwtFilter' defined in file [C:\Users\LENOVO\OneDrive\Desktop\POS Myanmar\POS-Lite-Myanamar\target\classes\com\pos\filter\JwtFilter.class]: Unsatisfied dependency expressed through constructor parameter 0: Error creating bean with name 'jwtUtil': Injection of autowired dependencies failed
	at org.springframework.beans.factory.support.ConstructorResolver.createArgumentArray(ConstructorResolver.java:804) ~[spring-beans-7.0.3.jar:7.0.3]
	at org.springframework.beans.factory.support.ConstructorResolver.autowireConstructor(ConstructorResolver.java:240) ~[spring-beans-7.0.3.jar:7.0.3]
	at org.springframework.beans.factory.support.AbstractAutowireCapableBeanFactory.autowireConstructor(AbstractAutowireCapableBeanFactory.java:1382) ~[spring-beans-7.0.3.jar:7.0.3]
	at org.springframework.beans.factory.support.AbstractAutowireCapableBeanFactory.createBeanInstance(AbstractAutowireCapableBeanFactory.java:1221) ~[spring-beans-7.0.3.jar:7.0.3]
	at org.springframework.beans.factory.support.AbstractAutowireCapableBeanFactory.doCreateBean(AbstractAutowireCapableBeanFactory.java:565) ~[spring-beans-7.0.3.jar:7.0.3]
	at org.springframework.beans.factory.support.AbstractAutowireCapableBeanFactory.createBean(AbstractAutowireCapableBeanFactory.java:525) ~[spring-beans-7.0.3.jar:7.0.3]
	at org.springframework.beans.factory.support.AbstractBeanFactory.lambda$doGetBean$0(AbstractBeanFactory.java:333) ~[spring-beans-7.0.3.jar:7.0.3]
	at org.springframework.beans.factory.support.DefaultSingletonBeanRegistry.getSingleton(DefaultSingletonBeanRegistry.java:371) ~[spring-beans-7.0.3.jar:7.0.3]
	at org.springframework.beans.factory.support.AbstractBeanFactory.doGetBean(AbstractBeanFactory.java:331) ~[spring-beans-7.0.3.jar:7.0.3]
	at org.springframework.beans.factory.support.AbstractBeanFactory.getBean(AbstractBeanFactory.java:201) ~[spring-beans-7.0.3.jar:7.0.3]
	at org.springframework.beans.factory.support.DefaultListableBeanFactory.resolveBean(DefaultListableBeanFactory.java:1225) ~[spring-beans-7.0.3.jar:7.0.3]
	at org.springframework.beans.factory.support.DefaultListableBeanFactory.doResolveDependency(DefaultListableBeanFactory.java:1704) ~[spring-beans-7.0.3.jar:7.0.3]
	at org.springframework.beans.factory.support.DefaultListableBeanFactory.resolveDependency(DefaultListableBeanFactory.java:1651) ~[spring-beans-7.0.3.jar:7.0.3]
	at org.springframework.beans.factory.support.ConstructorResolver.resolveAutowiredArgument(ConstructorResolver.java:912) ~[spring-beans-7.0.3.jar:7.0.3]
	at org.springframework.beans.factory.support.ConstructorResolver.createArgumentArray(ConstructorResolver.java:791) ~[spring-beans-7.0.3.jar:7.0.3]
	... 66 common frames omitted
Caused by: org.springframework.beans.factory.BeanCreationException: Error creating bean with name 'jwtUtil': Injection of autowired dependencies failed
	at org.springframework.beans.factory.annotation.AutowiredAnnotationBeanPostProcessor.postProcessProperties(AutowiredAnnotationBeanPostProcessor.java:498) ~[spring-beans-7.0.3.jar:7.0.3]
	at org.springframework.beans.factory.support.AbstractAutowireCapableBeanFactory.populateBean(AbstractAutowireCapableBeanFactory.java:1446) ~[spring-beans-7.0.3.jar:7.0.3]
	at org.springframework.beans.factory.support.AbstractAutowireCapableBeanFactory.doCreateBean(AbstractAutowireCapableBeanFactory.java:602) ~[spring-beans-7.0.3.jar:7.0.3]
	at org.springframework.beans.factory.support.AbstractAutowireCapableBeanFactory.createBean(AbstractAutowireCapableBeanFactory.java:525) ~[spring-beans-7.0.3.jar:7.0.3]
	at org.springframework.beans.factory.support.AbstractBeanFactory.lambda$doGetBean$0(AbstractBeanFactory.java:333) ~[spring-beans-7.0.3.jar:7.0.3]
	at org.springframework.beans.factory.support.DefaultSingletonBeanRegistry.getSingleton(DefaultSingletonBeanRegistry.java:371) ~[spring-beans-7.0.3.jar:7.0.3]
	at org.springframework.beans.factory.support.AbstractBeanFactory.doGetBean(AbstractBeanFactory.java:331) ~[spring-beans-7.0.3.jar:7.0.3]
	at org.springframework.beans.factory.support.AbstractBeanFactory.getBean(AbstractBeanFactory.java:201) ~[spring-beans-7.0.3.jar:7.0.3]
	at org.springframework.beans.factory.support.DefaultListableBeanFactory.resolveBean(DefaultListableBeanFactory.java:1225) ~[spring-beans-7.0.3.jar:7.0.3]
	at org.springframework.beans.factory.support.DefaultListableBeanFactory.doResolveDependency(DefaultListableBeanFactory.java:1704) ~[spring-beans-7.0.3.jar:7.0.3]
	at org.springframework.beans.factory.support.DefaultListableBeanFactory.resolveDependency(DefaultListableBeanFactory.java:1651) ~[spring-beans-7.0.3.jar:7.0.3]
	at org.springframework.beans.factory.support.ConstructorResolver.resolveAutowiredArgument(ConstructorResolver.java:912) ~[spring-beans-7.0.3.jar:7.0.3]
	at org.springframework.beans.factory.support.ConstructorResolver.createArgumentArray(ConstructorResolver.java:791) ~[spring-beans-7.0.3.jar:7.0.3]
	... 80 common frames omitted
Caused by: org.springframework.util.PlaceholderResolutionException: Could not resolve placeholder 'jwt.secret' in value "${jwt.secret}"
	at org.springframework.util.PlaceholderResolutionException.withValue(PlaceholderResolutionException.java:81) ~[spring-core-7.0.3.jar:7.0.3]
	at org.springframework.util.PlaceholderParser$ParsedValue.resolve(PlaceholderParser.java:296) ~[spring-core-7.0.3.jar:7.0.3]
	at org.springframework.util.PlaceholderParser.replacePlaceholders(PlaceholderParser.java:129) ~[spring-core-7.0.3.jar:7.0.3]
	at org.springframework.util.PropertyPlaceholderHelper.replacePlaceholders(PropertyPlaceholderHelper.java:96) ~[spring-core-7.0.3.jar:7.0.3]
	at org.springframework.core.env.AbstractPropertyResolver.doResolvePlaceholders(AbstractPropertyResolver.java:286) ~[spring-core-7.0.3.jar:7.0.3]
	at org.springframework.core.env.AbstractPropertyResolver.resolveRequiredPlaceholders(AbstractPropertyResolver.java:257) ~[spring-core-7.0.3.jar:7.0.3]
	at org.springframework.context.support.PropertySourcesPlaceholderConfigurer.lambda$processProperties$0(PropertySourcesPlaceholderConfigurer.java:184) ~[spring-context-7.0.3.jar:7.0.3]
	at org.springframework.beans.factory.support.AbstractBeanFactory.resolveEmbeddedValue(AbstractBeanFactory.java:959) ~[spring-beans-7.0.3.jar:7.0.3]
	at org.springframework.beans.factory.support.DefaultListableBeanFactory.doResolveDependency(DefaultListableBeanFactory.java:1672) ~[spring-beans-7.0.3.jar:7.0.3]
	at org.springframework.beans.factory.support.DefaultListableBeanFactory.resolveDependency(DefaultListableBeanFactory.java:1651) ~[spring-beans-7.0.3.jar:7.0.3]
	at org.springframework.beans.factory.annotation.AutowiredAnnotationBeanPostProcessor$AutowiredFieldElement.resolveFieldValue(AutowiredAnnotationBeanPostProcessor.java:763) ~[spring-beans-7.0.3.jar:7.0.3]
	at org.springframework.beans.factory.annotation.AutowiredAnnotationBeanPostProcessor$AutowiredFieldElement.inject(AutowiredAnnotationBeanPostProcessor.java:747) ~[spring-beans-7.0.3.jar:7.0.3]
	at org.springframework.beans.factory.annotation.InjectionMetadata.inject(InjectionMetadata.java:146) ~[spring-beans-7.0.3.jar:7.0.3]
	at org.springframework.beans.factory.annotation.AutowiredAnnotationBeanPostProcessor.postProcessProperties(AutowiredAnnotationBeanPostProcessor.java:492) ~[spring-beans-7.0.3.jar:7.0.3]
	... 92 common frames omitted


  .   ____          _            __ _ _
 /\\ / ___'_ __ _ _(_)_ __  __ _ \ \ \ \
( ( )\___ | '_ | '_| | '_ \/ _` | \ \ \ \
 \\/  ___)| |_)| | | | | || (_| |  ) ) ) )
  '  |____| .__|_| |_|_| |_\__, | / / / /
 =========|_|==============|___/=/_/_/_/

 :: Spring Boot ::                (v4.0.2)

2026-06-15T01:46:45.021+06:30  INFO 22100 --- [  restartedMain] com.pos.Application                      : Starting Application using Java 17.0.13 with PID 22100 (C:\Users\LENOVO\OneDrive\Desktop\POS Myanmar\POS-Lite-Myanamar\target\classes started by LENOVO in C:\Users\LENOVO\OneDrive\Desktop\POS Myanmar\POS-Lite-Myanamar)
2026-06-15T01:46:45.035+06:30  INFO 22100 --- [  restartedMain] com.pos.Application                      : No active profile set, falling back to 1 default profile: "default"
2026-06-15T01:46:47.164+06:30  INFO 22100 --- [  restartedMain] .s.d.r.c.RepositoryConfigurationDelegate : Bootstrapping Spring Data JPA repositories in DEFAULT mode.
2026-06-15T01:46:47.285+06:30  INFO 22100 --- [  restartedMain] .s.d.r.c.RepositoryConfigurationDelegate : Finished Spring Data repository scanning in 113 ms. Found 7 JPA repository interfaces.
2026-06-15T01:46:47.773+06:30  INFO 22100 --- [  restartedMain] o.s.boot.tomcat.TomcatWebServer          : Tomcat initialized with port 8080 (http)
2026-06-15T01:46:47.782+06:30  INFO 22100 --- [  restartedMain] o.apache.catalina.core.StandardService   : Starting service [Tomcat]
2026-06-15T01:46:47.783+06:30  INFO 22100 --- [  restartedMain] o.apache.catalina.core.StandardEngine    : Starting Servlet engine: [Apache Tomcat/11.0.15]
2026-06-15T01:46:47.903+06:30  INFO 22100 --- [  restartedMain] b.w.c.s.WebApplicationContextInitializer : Root WebApplicationContext: initialization completed in 2791 ms
2026-06-15T01:46:48.031+06:30  INFO 22100 --- [  restartedMain] org.hibernate.orm.jpa                    : HHH008540: Processing PersistenceUnitInfo [name: default]
2026-06-15T01:46:48.355+06:30  INFO 22100 --- [  restartedMain] o.s.o.j.p.SpringPersistenceUnitInfo      : No LoadTimeWeaver setup: ignoring JPA class transformer
2026-06-15T01:46:48.367+06:30  INFO 22100 --- [  restartedMain] com.zaxxer.hikari.HikariDataSource       : HikariPool-2 - Starting...
2026-06-15T01:46:48.670+06:30  INFO 22100 --- [  restartedMain] com.zaxxer.hikari.pool.HikariPool        : HikariPool-2 - Added connection com.mysql.cj.jdbc.ConnectionImpl@368c9d9d
2026-06-15T01:46:48.672+06:30  INFO 22100 --- [  restartedMain] com.zaxxer.hikari.HikariDataSource       : HikariPool-2 - Start completed.
2026-06-15T01:46:48.769+06:30  WARN 22100 --- [  restartedMain] org.hibernate.orm.deprecation            : HHH90000025: MySQLDialect does not need to be specified explicitly using 'hibernate.dialect' (remove the property setting and it will be selected by default)
2026-06-15T01:46:48.812+06:30  INFO 22100 --- [  restartedMain] org.hibernate.orm.connections.pooling    : HHH10001005: Database info:
	Database JDBC URL [jdbc:mysql://localhost:3306/pos_lite_myanmar?useUnicode=true&characterEncoding=utf8&useSSL=false&allowPublicKeyRetrieval=true&serverTimezone=Asia/Yangon]
	Database driver: MySQL Connector/J
	Database dialect: MySQLDialect
	Database version: 9.1
	Default catalog/schema: pos_lite_myanmar/undefined
	Autocommit mode: undefined/unknown
	Isolation level: REPEATABLE_READ [default REPEATABLE_READ]
	JDBC fetch size: none
	Pool: DataSourceConnectionProvider
	Minimum pool size: undefined/unknown
	Maximum pool size: undefined/unknown
2026-06-15T01:46:49.949+06:30  INFO 22100 --- [  restartedMain] org.hibernate.orm.core                   : HHH000489: No JTA platform available (set 'hibernate.transaction.jta.platform' to enable JTA platform integration)
Hibernate: alter table products modify column cost_price DECIMAL(19,2) DEFAULT 0 not null
2026-06-15T01:46:50.476+06:30  INFO 22100 --- [  restartedMain] j.LocalContainerEntityManagerFactoryBean : Initialized JPA EntityManagerFactory for persistence unit 'default'
2026-06-15T01:46:50.774+06:30  INFO 22100 --- [  restartedMain] o.s.boot.web.servlet.RegistrationBean    : Filter jwtFilterRegistration was not registered (disabled)
2026-06-15T01:46:51.122+06:30  INFO 22100 --- [  restartedMain] r$InitializeUserDetailsManagerConfigurer : Global AuthenticationManager configured with UserDetailsService bean with name customUserDetailsService
2026-06-15T01:46:51.318+06:30  WARN 22100 --- [  restartedMain] JpaBaseConfiguration$JpaWebConfiguration : spring.jpa.open-in-view is enabled by default. Therefore, database queries may be performed during view rendering. Explicitly configure spring.jpa.open-in-view to disable this warning
2026-06-15T01:46:52.009+06:30  INFO 22100 --- [  restartedMain] o.s.boot.tomcat.TomcatWebServer          : Tomcat started on port 8080 (http) with context path '/'
2026-06-15T01:46:52.023+06:30  INFO 22100 --- [  restartedMain] com.pos.Application                      : Started Application in 7.899 seconds (process running for 711.262)
Hibernate: select u1_0.id,u1_0.active,u1_0.created_at,u1_0.email,u1_0.full_name,u1_0.password,u1_0.phone,u1_0.role,u1_0.shop_id,u1_0.username from users u1_0 where u1_0.username=?
Hibernate: select s1_0.id,s1_0.active,s1_0.address,s1_0.created_at,s1_0.name,s1_0.phone from shops s1_0 where s1_0.id=?
Hibernate: select u1_0.id,u1_0.active,u1_0.created_at,u1_0.email,u1_0.full_name,u1_0.password,u1_0.phone,u1_0.role,u1_0.shop_id,u1_0.username from users u1_0 where u1_0.username=?
Hibernate: select u1_0.id,u1_0.active,u1_0.created_at,u1_0.email,u1_0.full_name,u1_0.password,u1_0.phone,u1_0.role,u1_0.shop_id,u1_0.username from users u1_0
Hibernate: select s1_0.id,s1_0.active,s1_0.address,s1_0.created_at,s1_0.name,s1_0.phone from shops s1_0 where s1_0.id=?
Hibernate: select s1_0.id,s1_0.active,s1_0.address,s1_0.created_at,s1_0.name,s1_0.phone from shops s1_0 where s1_0.id=?
Hibernate: select u1_0.id,u1_0.active,u1_0.created_at,u1_0.email,u1_0.full_name,u1_0.password,u1_0.phone,u1_0.role,u1_0.shop_id,u1_0.username from users u1_0 where u1_0.username=?
Hibernate: select p1_0.id,p1_0.barcode,p1_0.client_reference,p1_0.cost_price,p1_0.created_at,p1_0.deleted,p1_0.description,p1_0.expiry_date,p1_0.image_url,p1_0.name,p1_0.owner_id,p1_0.price,p1_0.shop_id,p1_0.stock,p1_0.updated_at from products p1_0
Hibernate: select c1_0.id,c1_0.name,c1_0.owner_id,c1_0.phone,c1_0.shop_id from customers c1_0
Hibernate: select o1_0.id,o1_0.user_id,o1_0.client_reference,o1_0.created_at,o1_0.customer_id,o1_0.order_number,o1_0.payment_method,o1_0.shop_id,o1_0.status,o1_0.subtotal,o1_0.tax,o1_0.total_amount,o1_0.total_profit from orders o1_0
Hibernate: select i1_0.order_id,i1_0.id,p1_0.id,p1_0.barcode,p1_0.client_reference,p1_0.cost_price,p1_0.created_at,p1_0.deleted,p1_0.description,p1_0.expiry_date,p1_0.image_url,p1_0.name,o2_0.id,o2_0.active,o2_0.created_at,o2_0.email,o2_0.full_name,o2_0.password,o2_0.phone,o2_0.role,o2_0.shop_id,o2_0.username,p1_0.price,s2_0.id,s2_0.active,s2_0.address,s2_0.created_at,s2_0.name,s2_0.phone,p1_0.stock,p1_0.updated_at,i1_0.profit,i1_0.quantity,i1_0.total_price,i1_0.unit_cost,i1_0.unit_price from order_items i1_0 left join products p1_0 on p1_0.id=i1_0.product_id left join users o2_0 on o2_0.id=p1_0.owner_id left join shops s2_0 on s2_0.id=p1_0.shop_id where i1_0.order_id=?
Hibernate: select i1_0.order_id,i1_0.id,p1_0.id,p1_0.barcode,p1_0.client_reference,p1_0.cost_price,p1_0.created_at,p1_0.deleted,p1_0.description,p1_0.expiry_date,p1_0.image_url,p1_0.name,o2_0.id,o2_0.active,o2_0.created_at,o2_0.email,o2_0.full_name,o2_0.password,o2_0.phone,o2_0.role,o2_0.shop_id,o2_0.username,p1_0.price,s2_0.id,s2_0.active,s2_0.address,s2_0.created_at,s2_0.name,s2_0.phone,p1_0.stock,p1_0.updated_at,i1_0.profit,i1_0.quantity,i1_0.total_price,i1_0.unit_cost,i1_0.unit_price from order_items i1_0 left join products p1_0 on p1_0.id=i1_0.product_id left join users o2_0 on o2_0.id=p1_0.owner_id left join shops s2_0 on s2_0.id=p1_0.shop_id where i1_0.order_id=?
Hibernate: select i1_0.order_id,i1_0.id,p1_0.id,p1_0.barcode,p1_0.client_reference,p1_0.cost_price,p1_0.created_at,p1_0.deleted,p1_0.description,p1_0.expiry_date,p1_0.image_url,p1_0.name,o2_0.id,o2_0.active,o2_0.created_at,o2_0.email,o2_0.full_name,o2_0.password,o2_0.phone,o2_0.role,o2_0.shop_id,o2_0.username,p1_0.price,s2_0.id,s2_0.active,s2_0.address,s2_0.created_at,s2_0.name,s2_0.phone,p1_0.stock,p1_0.updated_at,i1_0.profit,i1_0.quantity,i1_0.total_price,i1_0.unit_cost,i1_0.unit_price from order_items i1_0 left join products p1_0 on p1_0.id=i1_0.product_id left join users o2_0 on o2_0.id=p1_0.owner_id left join shops s2_0 on s2_0.id=p1_0.shop_id where i1_0.order_id=?
Hibernate: select i1_0.order_id,i1_0.id,p1_0.id,p1_0.barcode,p1_0.client_reference,p1_0.cost_price,p1_0.created_at,p1_0.deleted,p1_0.description,p1_0.expiry_date,p1_0.image_url,p1_0.name,o2_0.id,o2_0.active,o2_0.created_at,o2_0.email,o2_0.full_name,o2_0.password,o2_0.phone,o2_0.role,o2_0.shop_id,o2_0.username,p1_0.price,s2_0.id,s2_0.active,s2_0.address,s2_0.created_at,s2_0.name,s2_0.phone,p1_0.stock,p1_0.updated_at,i1_0.profit,i1_0.quantity,i1_0.total_price,i1_0.unit_cost,i1_0.unit_price from order_items i1_0 left join products p1_0 on p1_0.id=i1_0.product_id left join users o2_0 on o2_0.id=p1_0.owner_id left join shops s2_0 on s2_0.id=p1_0.shop_id where i1_0.order_id=?
Hibernate: select i1_0.order_id,i1_0.id,p1_0.id,p1_0.barcode,p1_0.client_reference,p1_0.cost_price,p1_0.created_at,p1_0.deleted,p1_0.description,p1_0.expiry_date,p1_0.image_url,p1_0.name,o2_0.id,o2_0.active,o2_0.created_at,o2_0.email,o2_0.full_name,o2_0.password,o2_0.phone,o2_0.role,o2_0.shop_id,o2_0.username,p1_0.price,s2_0.id,s2_0.active,s2_0.address,s2_0.created_at,s2_0.name,s2_0.phone,p1_0.stock,p1_0.updated_at,i1_0.profit,i1_0.quantity,i1_0.total_price,i1_0.unit_cost,i1_0.unit_price from order_items i1_0 left join products p1_0 on p1_0.id=i1_0.product_id left join users o2_0 on o2_0.id=p1_0.owner_id left join shops s2_0 on s2_0.id=p1_0.shop_id where i1_0.order_id=?
Hibernate: select i1_0.order_id,i1_0.id,p1_0.id,p1_0.barcode,p1_0.client_reference,p1_0.cost_price,p1_0.created_at,p1_0.deleted,p1_0.description,p1_0.expiry_date,p1_0.image_url,p1_0.name,o2_0.id,o2_0.active,o2_0.created_at,o2_0.email,o2_0.full_name,o2_0.password,o2_0.phone,o2_0.role,o2_0.shop_id,o2_0.username,p1_0.price,s2_0.id,s2_0.active,s2_0.address,s2_0.created_at,s2_0.name,s2_0.phone,p1_0.stock,p1_0.updated_at,i1_0.profit,i1_0.quantity,i1_0.total_price,i1_0.unit_cost,i1_0.unit_price from order_items i1_0 left join products p1_0 on p1_0.id=i1_0.product_id left join users o2_0 on o2_0.id=p1_0.owner_id left join shops s2_0 on s2_0.id=p1_0.shop_id where i1_0.order_id=?
Hibernate: select i1_0.order_id,i1_0.id,p1_0.id,p1_0.barcode,p1_0.client_reference,p1_0.cost_price,p1_0.created_at,p1_0.deleted,p1_0.description,p1_0.expiry_date,p1_0.image_url,p1_0.name,o2_0.id,o2_0.active,o2_0.created_at,o2_0.email,o2_0.full_name,o2_0.password,o2_0.phone,o2_0.role,o2_0.shop_id,o2_0.username,p1_0.price,s2_0.id,s2_0.active,s2_0.address,s2_0.created_at,s2_0.name,s2_0.phone,p1_0.stock,p1_0.updated_at,i1_0.profit,i1_0.quantity,i1_0.total_price,i1_0.unit_cost,i1_0.unit_price from order_items i1_0 left join products p1_0 on p1_0.id=i1_0.product_id left join users o2_0 on o2_0.id=p1_0.owner_id left join shops s2_0 on s2_0.id=p1_0.shop_id where i1_0.order_id=?
Hibernate: select i1_0.order_id,i1_0.id,p1_0.id,p1_0.barcode,p1_0.client_reference,p1_0.cost_price,p1_0.created_at,p1_0.deleted,p1_0.description,p1_0.expiry_date,p1_0.image_url,p1_0.name,o2_0.id,o2_0.active,o2_0.created_at,o2_0.email,o2_0.full_name,o2_0.password,o2_0.phone,o2_0.role,o2_0.shop_id,o2_0.username,p1_0.price,s2_0.id,s2_0.active,s2_0.address,s2_0.created_at,s2_0.name,s2_0.phone,p1_0.stock,p1_0.updated_at,i1_0.profit,i1_0.quantity,i1_0.total_price,i1_0.unit_cost,i1_0.unit_price from order_items i1_0 left join products p1_0 on p1_0.id=i1_0.product_id left join users o2_0 on o2_0.id=p1_0.owner_id left join shops s2_0 on s2_0.id=p1_0.shop_id where i1_0.order_id=?
Hibernate: select i1_0.order_id,i1_0.id,p1_0.id,p1_0.barcode,p1_0.client_reference,p1_0.cost_price,p1_0.created_at,p1_0.deleted,p1_0.description,p1_0.expiry_date,p1_0.image_url,p1_0.name,o2_0.id,o2_0.active,o2_0.created_at,o2_0.email,o2_0.full_name,o2_0.password,o2_0.phone,o2_0.role,o2_0.shop_id,o2_0.username,p1_0.price,s2_0.id,s2_0.active,s2_0.address,s2_0.created_at,s2_0.name,s2_0.phone,p1_0.stock,p1_0.updated_at,i1_0.profit,i1_0.quantity,i1_0.total_price,i1_0.unit_cost,i1_0.unit_price from order_items i1_0 left join products p1_0 on p1_0.id=i1_0.product_id left join users o2_0 on o2_0.id=p1_0.owner_id left join shops s2_0 on s2_0.id=p1_0.shop_id where i1_0.order_id=?
Hibernate: select count(*) from products p1_0
2026-06-15T01:46:52.330+06:30  INFO 22100 --- [  restartedMain] .ConditionEvaluationDeltaLoggingListener : Condition evaluation unchanged
You backend is running successfully!
[INFO] ------------------------------------------------------------------------
[INFO] BUILD FAILURE
[INFO] ------------------------------------------------------------------------
[INFO] Total time:  13:18 min
[INFO] Finished at: 2026-06-15T01:48:12+06:30
[INFO] ------------------------------------------------------------------------
[ERROR] Failed to execute goal org.springframework.boot:spring-boot-maven-plugin:4.0.2:run (default-cli) on project pos: Process terminated with exit code: 1 -> [Help 1]
[ERROR] 
[ERROR] To see the full stack trace of the errors, re-run Maven with the -e switch.
[ERROR] Re-run Maven using the -X switch to enable full debug logging.
[ERROR] 
[ERROR] For more information about the errors and possible solutions, please read the following articles:
[ERROR] [Help 1] http://cwiki.apache.org/confluence/display/MAVEN/MojoExecutionException
